The system is: Linux - 3.10.0-1160.6.1.1chaos.ch6.x86_64 - x86_64
Compiling the C compiler identification source file "CMakeCCompilerId.c" succeeded.
Compiler: /usr/tce/packages/clang/clang-11.0.0/bin/clang 
Build flags: 
Id flags:  

The output was:
0


Compilation of the C compiler identification source "CMakeCCompilerId.c" produced "a.out"

The C compiler identification is Clang, found in "/g/g92/varetto1/projects/rocm-scratch/build/CMakeFiles/3.14.5/CompilerIdC/a.out"

Compiling the CXX compiler identification source file "CMakeCXXCompilerId.cpp" succeeded.
Compiler: /usr/tce/packages/clang/clang-11.0.0/bin/clang++ 
Build flags: 
Id flags:  

The output was:
0


Compilation of the CXX compiler identification source "CMakeCXXCompilerId.cpp" produced "a.out"

The CXX compiler identification is Clang, found in "/g/g92/varetto1/projects/rocm-scratch/build/CMakeFiles/3.14.5/CompilerIdCXX/a.out"

Determining if the C compiler works passed with the following output:
Change Dir: /g/g92/varetto1/projects/rocm-scratch/build/CMakeFiles/CMakeTmp

Run Build Command(s):/usr/bin/gmake cmTC_30b6c/fast 
/usr/bin/gmake -f CMakeFiles/cmTC_30b6c.dir/build.make CMakeFiles/cmTC_30b6c.dir/build
gmake[1]: Entering directory `/g/g92/varetto1/projects/rocm-scratch/build/CMakeFiles/CMakeTmp'
Building C object CMakeFiles/cmTC_30b6c.dir/testCCompiler.c.o
/usr/tce/packages/clang/clang-11.0.0/bin/clang    -o CMakeFiles/cmTC_30b6c.dir/testCCompiler.c.o   -c /g/g92/varetto1/projects/rocm-scratch/build/CMakeFiles/CMakeTmp/testCCompiler.c
Linking C executable cmTC_30b6c
/usr/tce/packages/cmake/cmake-3.14.5/bin/cmake -E cmake_link_script CMakeFiles/cmTC_30b6c.dir/link.txt --verbose=1
/usr/tce/packages/clang/clang-11.0.0/bin/clang      CMakeFiles/cmTC_30b6c.dir/testCCompiler.c.o  -o cmTC_30b6c 
gmake[1]: Leaving directory `/g/g92/varetto1/projects/rocm-scratch/build/CMakeFiles/CMakeTmp'


Detecting C compiler ABI info compiled with the following output:
Change Dir: /g/g92/varetto1/projects/rocm-scratch/build/CMakeFiles/CMakeTmp

Run Build Command(s):/usr/bin/gmake cmTC_5e4a2/fast 
/usr/bin/gmake -f CMakeFiles/cmTC_5e4a2.dir/build.make CMakeFiles/cmTC_5e4a2.dir/build
gmake[1]: Entering directory `/g/g92/varetto1/projects/rocm-scratch/build/CMakeFiles/CMakeTmp'
Building C object CMakeFiles/cmTC_5e4a2.dir/CMakeCCompilerABI.c.o
/usr/tce/packages/clang/clang-11.0.0/bin/clang   -v -o CMakeFiles/cmTC_5e4a2.dir/CMakeCCompilerABI.c.o   -c /usr/tce/packages/cmake/cmake-3.14.5/share/cmake/Modules/CMakeCCompilerABI.c
clang version 11.0.0
Target: x86_64-unknown-linux-gnu
Thread model: posix
InstalledDir: /usr/tce/packages/clang/clang-11.0.0/release/bin
Found candidate GCC installation: /usr/tce/packages/gcc/gcc-4.9.3/lib64/gcc/x86_64-unknown-linux-gnu/4.9.3
Selected GCC installation: /usr/tce/packages/gcc/gcc-4.9.3/lib64/gcc/x86_64-unknown-linux-gnu/4.9.3
Candidate multilib: .;@m64
Selected multilib: .;@m64
Found HIP installation: /opt/rocm, version 3.10.20465-f9876b8d
 (in-process)
 "/usr/tce/packages/clang/clang-11.0.0/release/bin/clang-11" -cc1 -triple x86_64-unknown-linux-gnu -emit-obj -mrelax-all -disable-free -disable-llvm-verifier -discard-value-names -main-file-name CMakeCCompilerABI.c -mrelocation-model static -mframe-pointer=all -fmath-errno -fno-rounding-math -mconstructor-aliases -munwind-tables -target-cpu x86-64 -fno-split-dwarf-inlining -debugger-tuning=gdb -v -resource-dir /usr/tce/packages/clang/clang-11.0.0/release/lib/clang/11.0.0 -internal-isystem /usr/local/include -internal-isystem /usr/tce/packages/clang/clang-11.0.0/release/lib/clang/11.0.0/include -internal-externc-isystem /include -internal-externc-isystem /usr/include -fdebug-compilation-dir /g/g92/varetto1/projects/rocm-scratch/build/CMakeFiles/CMakeTmp -ferror-limit 19 -fgnuc-version=4.2.1 -faddrsig -o CMakeFiles/cmTC_5e4a2.dir/CMakeCCompilerABI.c.o -x c /usr/tce/packages/cmake/cmake-3.14.5/share/cmake/Modules/CMakeCCompilerABI.c
clang -cc1 version 11.0.0 based upon LLVM 11.0.0 default target x86_64-unknown-linux-gnu
ignoring nonexistent directory "/include"
#include "..." search starts here:
#include <...> search starts here:
 /usr/local/include
 /usr/tce/packages/clang/clang-11.0.0/release/lib/clang/11.0.0/include
 /usr/include
End of search list.
Linking C executable cmTC_5e4a2
/usr/tce/packages/cmake/cmake-3.14.5/bin/cmake -E cmake_link_script CMakeFiles/cmTC_5e4a2.dir/link.txt --verbose=1
/usr/tce/packages/clang/clang-11.0.0/bin/clang     -v CMakeFiles/cmTC_5e4a2.dir/CMakeCCompilerABI.c.o  -o cmTC_5e4a2 
clang version 11.0.0
Target: x86_64-unknown-linux-gnu
Thread model: posix
InstalledDir: /usr/tce/packages/clang/clang-11.0.0/release/bin
Found candidate GCC installation: /usr/tce/packages/gcc/gcc-4.9.3/lib64/gcc/x86_64-unknown-linux-gnu/4.9.3
Selected GCC installation: /usr/tce/packages/gcc/gcc-4.9.3/lib64/gcc/x86_64-unknown-linux-gnu/4.9.3
Candidate multilib: .;@m64
Selected multilib: .;@m64
Found HIP installation: /opt/rocm, version 3.10.20465-f9876b8d
 "/usr/tce/bin/ld" --hash-style=gnu --eh-frame-hdr -m elf_x86_64 -dynamic-linker /lib64/ld-linux-x86-64.so.2 -o cmTC_5e4a2 /lib/../lib64/crt1.o /lib/../lib64/crti.o /usr/tce/packages/gcc/gcc-4.9.3/lib64/gcc/x86_64-unknown-linux-gnu/4.9.3/crtbegin.o -L/usr/tce/packages/gcc/gcc-4.9.3/lib64/gcc/x86_64-unknown-linux-gnu/4.9.3 -L/usr/tce/packages/gcc/gcc-4.9.3/lib64/gcc/x86_64-unknown-linux-gnu/4.9.3/../../../../lib64 -L/lib/../lib64 -L/usr/lib/../lib64 -L/usr/tce/packages/gcc/gcc-4.9.3/lib64/gcc/x86_64-unknown-linux-gnu/4.9.3/../../.. -L/usr/tce/packages/clang/clang-11.0.0/release/bin/../lib -L/lib -L/usr/lib -L/usr/tce/packages/clang/clang-11.0.0/release/lib -L/usr/tce/packages/gcc/gcc-4.9.3/lib64 CMakeFiles/cmTC_5e4a2.dir/CMakeCCompilerABI.c.o -rpath /usr/tce/packages/clang/clang-11.0.0/release/lib:/usr/tce/packages/gcc/gcc-4.9.3/lib64 -lgcc --as-needed -lgcc_s --no-as-needed -lc -lgcc --as-needed -lgcc_s --no-as-needed /usr/tce/packages/gcc/gcc-4.9.3/lib64/gcc/x86_64-unknown-linux-gnu/4.9.3/crtend.o /lib/../lib64/crtn.o
gmake[1]: Leaving directory `/g/g92/varetto1/projects/rocm-scratch/build/CMakeFiles/CMakeTmp'


Parsed C implicit include dir info from above output: rv=done
  found start of include info
  found start of implicit include info
    add: [/usr/local/include]
    add: [/usr/tce/packages/clang/clang-11.0.0/release/lib/clang/11.0.0/include]
    add: [/usr/include]
  end of search list found
  collapse include dir [/usr/local/include] ==> [/usr/local/include]
  collapse include dir [/usr/tce/packages/clang/clang-11.0.0/release/lib/clang/11.0.0/include] ==> [/usr/tce/packages/clang/clang-11.0.0/release/lib/clang/11.0.0/include]
  collapse include dir [/usr/include] ==> [/usr/include]
  implicit include dirs: [/usr/local/include;/usr/tce/packages/clang/clang-11.0.0/release/lib/clang/11.0.0/include;/usr/include]


Parsed C implicit link information from above output:
  link line regex: [^( *|.*[/\])(ld|CMAKE_LINK_STARTFILE-NOTFOUND|([^/\]+-)?ld|collect2)[^/\]*( |$)]
  ignore line: [Change Dir: /g/g92/varetto1/projects/rocm-scratch/build/CMakeFiles/CMakeTmp]
  ignore line: []
  ignore line: [Run Build Command(s):/usr/bin/gmake cmTC_5e4a2/fast ]
  ignore line: [/usr/bin/gmake -f CMakeFiles/cmTC_5e4a2.dir/build.make CMakeFiles/cmTC_5e4a2.dir/build]
  ignore line: [gmake[1]: Entering directory `/g/g92/varetto1/projects/rocm-scratch/build/CMakeFiles/CMakeTmp']
  ignore line: [Building C object CMakeFiles/cmTC_5e4a2.dir/CMakeCCompilerABI.c.o]
  ignore line: [/usr/tce/packages/clang/clang-11.0.0/bin/clang   -v -o CMakeFiles/cmTC_5e4a2.dir/CMakeCCompilerABI.c.o   -c /usr/tce/packages/cmake/cmake-3.14.5/share/cmake/Modules/CMakeCCompilerABI.c]
  ignore line: [clang version 11.0.0]
  ignore line: [Target: x86_64-unknown-linux-gnu]
  ignore line: [Thread model: posix]
  ignore line: [InstalledDir: /usr/tce/packages/clang/clang-11.0.0/release/bin]
  ignore line: [Found candidate GCC installation: /usr/tce/packages/gcc/gcc-4.9.3/lib64/gcc/x86_64-unknown-linux-gnu/4.9.3]
  ignore line: [Selected GCC installation: /usr/tce/packages/gcc/gcc-4.9.3/lib64/gcc/x86_64-unknown-linux-gnu/4.9.3]
  ignore line: [Candidate multilib: .]
  ignore line: [@m64]
  ignore line: [Selected multilib: .]
  ignore line: [@m64]
  ignore line: [Found HIP installation: /opt/rocm, version 3.10.20465-f9876b8d]
  ignore line: [ (in-process)]
  ignore line: [ "/usr/tce/packages/clang/clang-11.0.0/release/bin/clang-11" -cc1 -triple x86_64-unknown-linux-gnu -emit-obj -mrelax-all -disable-free -disable-llvm-verifier -discard-value-names -main-file-name CMakeCCompilerABI.c -mrelocation-model static -mframe-pointer=all -fmath-errno -fno-rounding-math -mconstructor-aliases -munwind-tables -target-cpu x86-64 -fno-split-dwarf-inlining -debugger-tuning=gdb -v -resource-dir /usr/tce/packages/clang/clang-11.0.0/release/lib/clang/11.0.0 -internal-isystem /usr/local/include -internal-isystem /usr/tce/packages/clang/clang-11.0.0/release/lib/clang/11.0.0/include -internal-externc-isystem /include -internal-externc-isystem /usr/include -fdebug-compilation-dir /g/g92/varetto1/projects/rocm-scratch/build/CMakeFiles/CMakeTmp -ferror-limit 19 -fgnuc-version=4.2.1 -faddrsig -o CMakeFiles/cmTC_5e4a2.dir/CMakeCCompilerABI.c.o -x c /usr/tce/packages/cmake/cmake-3.14.5/share/cmake/Modules/CMakeCCompilerABI.c]
  ignore line: [clang -cc1 version 11.0.0 based upon LLVM 11.0.0 default target x86_64-unknown-linux-gnu]
  ignore line: [ignoring nonexistent directory "/include"]
  ignore line: [#include "..." search starts here:]
  ignore line: [#include <...> search starts here:]
  ignore line: [ /usr/local/include]
  ignore line: [ /usr/tce/packages/clang/clang-11.0.0/release/lib/clang/11.0.0/include]
  ignore line: [ /usr/include]
  ignore line: [End of search list.]
  ignore line: [Linking C executable cmTC_5e4a2]
  ignore line: [/usr/tce/packages/cmake/cmake-3.14.5/bin/cmake -E cmake_link_script CMakeFiles/cmTC_5e4a2.dir/link.txt --verbose=1]
  ignore line: [/usr/tce/packages/clang/clang-11.0.0/bin/clang     -v CMakeFiles/cmTC_5e4a2.dir/CMakeCCompilerABI.c.o  -o cmTC_5e4a2 ]
  ignore line: [clang version 11.0.0]
  ignore line: [Target: x86_64-unknown-linux-gnu]
  ignore line: [Thread model: posix]
  ignore line: [InstalledDir: /usr/tce/packages/clang/clang-11.0.0/release/bin]
  ignore line: [Found candidate GCC installation: /usr/tce/packages/gcc/gcc-4.9.3/lib64/gcc/x86_64-unknown-linux-gnu/4.9.3]
  ignore line: [Selected GCC installation: /usr/tce/packages/gcc/gcc-4.9.3/lib64/gcc/x86_64-unknown-linux-gnu/4.9.3]
  ignore line: [Candidate multilib: .]
  ignore line: [@m64]
  ignore line: [Selected multilib: .]
  ignore line: [@m64]
  ignore line: [Found HIP installation: /opt/rocm, version 3.10.20465-f9876b8d]
  link line: [ "/usr/tce/bin/ld" --hash-style=gnu --eh-frame-hdr -m elf_x86_64 -dynamic-linker /lib64/ld-linux-x86-64.so.2 -o cmTC_5e4a2 /lib/../lib64/crt1.o /lib/../lib64/crti.o /usr/tce/packages/gcc/gcc-4.9.3/lib64/gcc/x86_64-unknown-linux-gnu/4.9.3/crtbegin.o -L/usr/tce/packages/gcc/gcc-4.9.3/lib64/gcc/x86_64-unknown-linux-gnu/4.9.3 -L/usr/tce/packages/gcc/gcc-4.9.3/lib64/gcc/x86_64-unknown-linux-gnu/4.9.3/../../../../lib64 -L/lib/../lib64 -L/usr/lib/../lib64 -L/usr/tce/packages/gcc/gcc-4.9.3/lib64/gcc/x86_64-unknown-linux-gnu/4.9.3/../../.. -L/usr/tce/packages/clang/clang-11.0.0/release/bin/../lib -L/lib -L/usr/lib -L/usr/tce/packages/clang/clang-11.0.0/release/lib -L/usr/tce/packages/gcc/gcc-4.9.3/lib64 CMakeFiles/cmTC_5e4a2.dir/CMakeCCompilerABI.c.o -rpath /usr/tce/packages/clang/clang-11.0.0/release/lib:/usr/tce/packages/gcc/gcc-4.9.3/lib64 -lgcc --as-needed -lgcc_s --no-as-needed -lc -lgcc --as-needed -lgcc_s --no-as-needed /usr/tce/packages/gcc/gcc-4.9.3/lib64/gcc/x86_64-unknown-linux-gnu/4.9.3/crtend.o /lib/../lib64/crtn.o]
    arg [/usr/tce/bin/ld] ==> ignore
    arg [--hash-style=gnu] ==> ignore
    arg [--eh-frame-hdr] ==> ignore
    arg [-m] ==> ignore
    arg [elf_x86_64] ==> ignore
    arg [-dynamic-linker] ==> ignore
    arg [/lib64/ld-linux-x86-64.so.2] ==> ignore
    arg [-o] ==> ignore
    arg [cmTC_5e4a2] ==> ignore
    arg [/lib/../lib64/crt1.o] ==> ignore
    arg [/lib/../lib64/crti.o] ==> ignore
    arg [/usr/tce/packages/gcc/gcc-4.9.3/lib64/gcc/x86_64-unknown-linux-gnu/4.9.3/crtbegin.o] ==> ignore
    arg [-L/usr/tce/packages/gcc/gcc-4.9.3/lib64/gcc/x86_64-unknown-linux-gnu/4.9.3] ==> dir [/usr/tce/packages/gcc/gcc-4.9.3/lib64/gcc/x86_64-unknown-linux-gnu/4.9.3]
    arg [-L/usr/tce/packages/gcc/gcc-4.9.3/lib64/gcc/x86_64-unknown-linux-gnu/4.9.3/../../../../lib64] ==> dir [/usr/tce/packages/gcc/gcc-4.9.3/lib64/gcc/x86_64-unknown-linux-gnu/4.9.3/../../../../lib64]
    arg [-L/lib/../lib64] ==> dir [/lib/../lib64]
    arg [-L/usr/lib/../lib64] ==> dir [/usr/lib/../lib64]
    arg [-L/usr/tce/packages/gcc/gcc-4.9.3/lib64/gcc/x86_64-unknown-linux-gnu/4.9.3/../../..] ==> dir [/usr/tce/packages/gcc/gcc-4.9.3/lib64/gcc/x86_64-unknown-linux-gnu/4.9.3/../../..]
    arg [-L/usr/tce/packages/clang/clang-11.0.0/release/bin/../lib] ==> dir [/usr/tce/packages/clang/clang-11.0.0/release/bin/../lib]
    arg [-L/lib] ==> dir [/lib]
    arg [-L/usr/lib] ==> dir [/usr/lib]
    arg [-L/usr/tce/packages/clang/clang-11.0.0/release/lib] ==> dir [/usr/tce/packages/clang/clang-11.0.0/release/lib]
    arg [-L/usr/tce/packages/gcc/gcc-4.9.3/lib64] ==> dir [/usr/tce/packages/gcc/gcc-4.9.3/lib64]
    arg [CMakeFiles/cmTC_5e4a2.dir/CMakeCCompilerABI.c.o] ==> ignore
    arg [-rpath] ==> ignore
    arg [/usr/tce/packages/clang/clang-11.0.0/release/lib:/usr/tce/packages/gcc/gcc-4.9.3/lib64] ==> ignore
    arg [-lgcc] ==> lib [gcc]
    arg [--as-needed] ==> ignore
    arg [-lgcc_s] ==> lib [gcc_s]
    arg [--no-as-needed] ==> ignore
    arg [-lc] ==> lib [c]
    arg [-lgcc] ==> lib [gcc]
    arg [--as-needed] ==> ignore
    arg [-lgcc_s] ==> lib [gcc_s]
    arg [--no-as-needed] ==> ignore
    arg [/usr/tce/packages/gcc/gcc-4.9.3/lib64/gcc/x86_64-unknown-linux-gnu/4.9.3/crtend.o] ==> ignore
    arg [/lib/../lib64/crtn.o] ==> ignore
  collapse library dir [/usr/tce/packages/gcc/gcc-4.9.3/lib64/gcc/x86_64-unknown-linux-gnu/4.9.3] ==> [/usr/tce/packages/gcc/gcc-4.9.3/lib64/gcc/x86_64-unknown-linux-gnu/4.9.3]
  collapse library dir [/usr/tce/packages/gcc/gcc-4.9.3/lib64/gcc/x86_64-unknown-linux-gnu/4.9.3/../../../../lib64] ==> [/usr/tce/packages/gcc/gcc-4.9.3/lib64]
  collapse library dir [/lib/../lib64] ==> [/lib64]
  collapse library dir [/usr/lib/../lib64] ==> [/usr/lib64]
  collapse library dir [/usr/tce/packages/gcc/gcc-4.9.3/lib64/gcc/x86_64-unknown-linux-gnu/4.9.3/../../..] ==> [/usr/tce/packages/gcc/gcc-4.9.3/lib64]
  collapse library dir [/usr/tce/packages/clang/clang-11.0.0/release/bin/../lib] ==> [/usr/tce/packages/clang/clang-11.0.0/release/lib]
  collapse library dir [/lib] ==> [/lib]
  collapse library dir [/usr/lib] ==> [/usr/lib]
  collapse library dir [/usr/tce/packages/clang/clang-11.0.0/release/lib] ==> [/usr/tce/packages/clang/clang-11.0.0/release/lib]
  collapse library dir [/usr/tce/packages/gcc/gcc-4.9.3/lib64] ==> [/usr/tce/packages/gcc/gcc-4.9.3/lib64]
  implicit libs: [gcc;gcc_s;c;gcc;gcc_s]
  implicit dirs: [/usr/tce/packages/gcc/gcc-4.9.3/lib64/gcc/x86_64-unknown-linux-gnu/4.9.3;/usr/tce/packages/gcc/gcc-4.9.3/lib64;/lib64;/usr/lib64;/usr/tce/packages/clang/clang-11.0.0/release/lib;/lib;/usr/lib]
  implicit fwks: []




Detecting C [-std=c11] compiler features compiled with the following output:
Change Dir: /g/g92/varetto1/projects/rocm-scratch/build/CMakeFiles/CMakeTmp

Run Build Command(s):/usr/bin/gmake cmTC_7d925/fast 
/usr/bin/gmake -f CMakeFiles/cmTC_7d925.dir/build.make CMakeFiles/cmTC_7d925.dir/build
gmake[1]: Entering directory `/g/g92/varetto1/projects/rocm-scratch/build/CMakeFiles/CMakeTmp'
Building C object CMakeFiles/cmTC_7d925.dir/feature_tests.c.o
/usr/tce/packages/clang/clang-11.0.0/bin/clang   -std=c11 -o CMakeFiles/cmTC_7d925.dir/feature_tests.c.o   -c /g/g92/varetto1/projects/rocm-scratch/build/CMakeFiles/feature_tests.c
Linking C executable cmTC_7d925
/usr/tce/packages/cmake/cmake-3.14.5/bin/cmake -E cmake_link_script CMakeFiles/cmTC_7d925.dir/link.txt --verbose=1
/usr/tce/packages/clang/clang-11.0.0/bin/clang      CMakeFiles/cmTC_7d925.dir/feature_tests.c.o  -o cmTC_7d925 
gmake[1]: Leaving directory `/g/g92/varetto1/projects/rocm-scratch/build/CMakeFiles/CMakeTmp'


    Feature record: C_FEATURE:1c_function_prototypes
    Feature record: C_FEATURE:1c_restrict
    Feature record: C_FEATURE:1c_static_assert
    Feature record: C_FEATURE:1c_variadic_macros


Detecting C [-std=c99] compiler features compiled with the following output:
Change Dir: /g/g92/varetto1/projects/rocm-scratch/build/CMakeFiles/CMakeTmp

Run Build Command(s):/usr/bin/gmake cmTC_c32ec/fast 
/usr/bin/gmake -f CMakeFiles/cmTC_c32ec.dir/build.make CMakeFiles/cmTC_c32ec.dir/build
gmake[1]: Entering directory `/g/g92/varetto1/projects/rocm-scratch/build/CMakeFiles/CMakeTmp'
Building C object CMakeFiles/cmTC_c32ec.dir/feature_tests.c.o
/usr/tce/packages/clang/clang-11.0.0/bin/clang   -std=c99 -o CMakeFiles/cmTC_c32ec.dir/feature_tests.c.o   -c /g/g92/varetto1/projects/rocm-scratch/build/CMakeFiles/feature_tests.c
Linking C executable cmTC_c32ec
/usr/tce/packages/cmake/cmake-3.14.5/bin/cmake -E cmake_link_script CMakeFiles/cmTC_c32ec.dir/link.txt --verbose=1
/usr/tce/packages/clang/clang-11.0.0/bin/clang      CMakeFiles/cmTC_c32ec.dir/feature_tests.c.o  -o cmTC_c32ec 
gmake[1]: Leaving directory `/g/g92/varetto1/projects/rocm-scratch/build/CMakeFiles/CMakeTmp'


    Feature record: C_FEATURE:1c_function_prototypes
    Feature record: C_FEATURE:1c_restrict
    Feature record: C_FEATURE:0c_static_assert
    Feature record: C_FEATURE:1c_variadic_macros


Detecting C [-std=c90] compiler features compiled with the following output:
Change Dir: /g/g92/varetto1/projects/rocm-scratch/build/CMakeFiles/CMakeTmp

Run Build Command(s):/usr/bin/gmake cmTC_015bc/fast 
/usr/bin/gmake -f CMakeFiles/cmTC_015bc.dir/build.make CMakeFiles/cmTC_015bc.dir/build
gmake[1]: Entering directory `/g/g92/varetto1/projects/rocm-scratch/build/CMakeFiles/CMakeTmp'
Building C object CMakeFiles/cmTC_015bc.dir/feature_tests.c.o
/usr/tce/packages/clang/clang-11.0.0/bin/clang   -std=c90 -o CMakeFiles/cmTC_015bc.dir/feature_tests.c.o   -c /g/g92/varetto1/projects/rocm-scratch/build/CMakeFiles/feature_tests.c
Linking C executable cmTC_015bc
/usr/tce/packages/cmake/cmake-3.14.5/bin/cmake -E cmake_link_script CMakeFiles/cmTC_015bc.dir/link.txt --verbose=1
/usr/tce/packages/clang/clang-11.0.0/bin/clang      CMakeFiles/cmTC_015bc.dir/feature_tests.c.o  -o cmTC_015bc 
gmake[1]: Leaving directory `/g/g92/varetto1/projects/rocm-scratch/build/CMakeFiles/CMakeTmp'


    Feature record: C_FEATURE:1c_function_prototypes
    Feature record: C_FEATURE:0c_restrict
    Feature record: C_FEATURE:0c_static_assert
    Feature record: C_FEATURE:0c_variadic_macros
Determining if the CXX compiler works passed with the following output:
Change Dir: /g/g92/varetto1/projects/rocm-scratch/build/CMakeFiles/CMakeTmp

Run Build Command(s):/usr/bin/gmake cmTC_22474/fast 
/usr/bin/gmake -f CMakeFiles/cmTC_22474.dir/build.make CMakeFiles/cmTC_22474.dir/build
gmake[1]: Entering directory `/g/g92/varetto1/projects/rocm-scratch/build/CMakeFiles/CMakeTmp'
Building CXX object CMakeFiles/cmTC_22474.dir/testCXXCompiler.cxx.o
/usr/tce/packages/clang/clang-11.0.0/bin/clang++     -o CMakeFiles/cmTC_22474.dir/testCXXCompiler.cxx.o -c /g/g92/varetto1/projects/rocm-scratch/build/CMakeFiles/CMakeTmp/testCXXCompiler.cxx
Linking CXX executable cmTC_22474
/usr/tce/packages/cmake/cmake-3.14.5/bin/cmake -E cmake_link_script CMakeFiles/cmTC_22474.dir/link.txt --verbose=1
/usr/tce/packages/clang/clang-11.0.0/bin/clang++       CMakeFiles/cmTC_22474.dir/testCXXCompiler.cxx.o  -o cmTC_22474 
gmake[1]: Leaving directory `/g/g92/varetto1/projects/rocm-scratch/build/CMakeFiles/CMakeTmp'


Detecting CXX compiler ABI info compiled with the following output:
Change Dir: /g/g92/varetto1/projects/rocm-scratch/build/CMakeFiles/CMakeTmp

Run Build Command(s):/usr/bin/gmake cmTC_e7c5f/fast 
/usr/bin/gmake -f CMakeFiles/cmTC_e7c5f.dir/build.make CMakeFiles/cmTC_e7c5f.dir/build
gmake[1]: Entering directory `/g/g92/varetto1/projects/rocm-scratch/build/CMakeFiles/CMakeTmp'
Building CXX object CMakeFiles/cmTC_e7c5f.dir/CMakeCXXCompilerABI.cpp.o
/usr/tce/packages/clang/clang-11.0.0/bin/clang++    -v -o CMakeFiles/cmTC_e7c5f.dir/CMakeCXXCompilerABI.cpp.o -c /usr/tce/packages/cmake/cmake-3.14.5/share/cmake/Modules/CMakeCXXCompilerABI.cpp
clang version 11.0.0
Target: x86_64-unknown-linux-gnu
Thread model: posix
InstalledDir: /usr/tce/packages/clang/clang-11.0.0/release/bin
Found candidate GCC installation: /usr/tce/packages/gcc/gcc-4.9.3/lib64/gcc/x86_64-unknown-linux-gnu/4.9.3
Selected GCC installation: /usr/tce/packages/gcc/gcc-4.9.3/lib64/gcc/x86_64-unknown-linux-gnu/4.9.3
Candidate multilib: .;@m64
Selected multilib: .;@m64
Found HIP installation: /opt/rocm, version 3.10.20465-f9876b8d
 (in-process)
 "/usr/tce/packages/clang/clang-11.0.0/release/bin/clang-11" -cc1 -triple x86_64-unknown-linux-gnu -emit-obj -mrelax-all -disable-free -disable-llvm-verifier -discard-value-names -main-file-name CMakeCXXCompilerABI.cpp -mrelocation-model static -mframe-pointer=all -fmath-errno -fno-rounding-math -mconstructor-aliases -munwind-tables -target-cpu x86-64 -fno-split-dwarf-inlining -debugger-tuning=gdb -v -resource-dir /usr/tce/packages/clang/clang-11.0.0/release/lib/clang/11.0.0 -internal-isystem /usr/tce/packages/gcc/gcc-4.9.3/lib64/gcc/x86_64-unknown-linux-gnu/4.9.3/../../../../include/c++/4.9.3 -internal-isystem /usr/tce/packages/gcc/gcc-4.9.3/lib64/gcc/x86_64-unknown-linux-gnu/4.9.3/../../../../include/c++/4.9.3/x86_64-unknown-linux-gnu -internal-isystem /usr/tce/packages/gcc/gcc-4.9.3/lib64/gcc/x86_64-unknown-linux-gnu/4.9.3/../../../../include/c++/4.9.3/backward -internal-isystem /usr/local/include -internal-isystem /usr/tce/packages/clang/clang-11.0.0/release/lib/clang/11.0.0/include -internal-externc-isystem /include -internal-externc-isystem /usr/include -fdeprecated-macro -fdebug-compilation-dir /g/g92/varetto1/projects/rocm-scratch/build/CMakeFiles/CMakeTmp -ferror-limit 19 -fgnuc-version=4.2.1 -fcxx-exceptions -fexceptions -faddrsig -o CMakeFiles/cmTC_e7c5f.dir/CMakeCXXCompilerABI.cpp.o -x c++ /usr/tce/packages/cmake/cmake-3.14.5/share/cmake/Modules/CMakeCXXCompilerABI.cpp
clang -cc1 version 11.0.0 based upon LLVM 11.0.0 default target x86_64-unknown-linux-gnu
ignoring nonexistent directory "/include"
#include "..." search starts here:
#include <...> search starts here:
 /usr/tce/packages/gcc/gcc-4.9.3/lib64/gcc/x86_64-unknown-linux-gnu/4.9.3/../../../../include/c++/4.9.3
 /usr/tce/packages/gcc/gcc-4.9.3/lib64/gcc/x86_64-unknown-linux-gnu/4.9.3/../../../../include/c++/4.9.3/x86_64-unknown-linux-gnu
 /usr/tce/packages/gcc/gcc-4.9.3/lib64/gcc/x86_64-unknown-linux-gnu/4.9.3/../../../../include/c++/4.9.3/backward
 /usr/local/include
 /usr/tce/packages/clang/clang-11.0.0/release/lib/clang/11.0.0/include
 /usr/include
End of search list.
Linking CXX executable cmTC_e7c5f
/usr/tce/packages/cmake/cmake-3.14.5/bin/cmake -E cmake_link_script CMakeFiles/cmTC_e7c5f.dir/link.txt --verbose=1
/usr/tce/packages/clang/clang-11.0.0/bin/clang++      -v CMakeFiles/cmTC_e7c5f.dir/CMakeCXXCompilerABI.cpp.o  -o cmTC_e7c5f 
clang version 11.0.0
Target: x86_64-unknown-linux-gnu
Thread model: posix
InstalledDir: /usr/tce/packages/clang/clang-11.0.0/release/bin
Found candidate GCC installation: /usr/tce/packages/gcc/gcc-4.9.3/lib64/gcc/x86_64-unknown-linux-gnu/4.9.3
Selected GCC installation: /usr/tce/packages/gcc/gcc-4.9.3/lib64/gcc/x86_64-unknown-linux-gnu/4.9.3
Candidate multilib: .;@m64
Selected multilib: .;@m64
Found HIP installation: /opt/rocm, version 3.10.20465-f9876b8d
 "/usr/tce/bin/ld" --hash-style=gnu --eh-frame-hdr -m elf_x86_64 -dynamic-linker /lib64/ld-linux-x86-64.so.2 -o cmTC_e7c5f /lib/../lib64/crt1.o /lib/../lib64/crti.o /usr/tce/packages/gcc/gcc-4.9.3/lib64/gcc/x86_64-unknown-linux-gnu/4.9.3/crtbegin.o -L/usr/tce/packages/gcc/gcc-4.9.3/lib64/gcc/x86_64-unknown-linux-gnu/4.9.3 -L/usr/tce/packages/gcc/gcc-4.9.3/lib64/gcc/x86_64-unknown-linux-gnu/4.9.3/../../../../lib64 -L/lib/../lib64 -L/usr/lib/../lib64 -L/usr/tce/packages/gcc/gcc-4.9.3/lib64/gcc/x86_64-unknown-linux-gnu/4.9.3/../../.. -L/usr/tce/packages/clang/clang-11.0.0/release/bin/../lib -L/lib -L/usr/lib -L/usr/tce/packages/clang/clang-11.0.0/release/lib -L/usr/tce/packages/gcc/gcc-4.9.3/lib64 CMakeFiles/cmTC_e7c5f.dir/CMakeCXXCompilerABI.cpp.o -rpath /usr/tce/packages/clang/clang-11.0.0/release/lib:/usr/tce/packages/gcc/gcc-4.9.3/lib64 -lstdc++ -lm -lgcc_s -lgcc -lc -lgcc_s -lgcc /usr/tce/packages/gcc/gcc-4.9.3/lib64/gcc/x86_64-unknown-linux-gnu/4.9.3/crtend.o /lib/../lib64/crtn.o
gmake[1]: Leaving directory `/g/g92/varetto1/projects/rocm-scratch/build/CMakeFiles/CMakeTmp'


Parsed CXX implicit include dir info from above output: rv=done
  found start of include info
  found start of implicit include info
    add: [/usr/tce/packages/gcc/gcc-4.9.3/lib64/gcc/x86_64-unknown-linux-gnu/4.9.3/../../../../include/c++/4.9.3]
    add: [/usr/tce/packages/gcc/gcc-4.9.3/lib64/gcc/x86_64-unknown-linux-gnu/4.9.3/../../../../include/c++/4.9.3/x86_64-unknown-linux-gnu]
    add: [/usr/tce/packages/gcc/gcc-4.9.3/lib64/gcc/x86_64-unknown-linux-gnu/4.9.3/../../../../include/c++/4.9.3/backward]
    add: [/usr/local/include]
    add: [/usr/tce/packages/clang/clang-11.0.0/release/lib/clang/11.0.0/include]
    add: [/usr/include]
  end of search list found
  collapse include dir [/usr/tce/packages/gcc/gcc-4.9.3/lib64/gcc/x86_64-unknown-linux-gnu/4.9.3/../../../../include/c++/4.9.3] ==> [/usr/tce/packages/gcc/gcc-4.9.3/include/c++/4.9.3]
  collapse include dir [/usr/tce/packages/gcc/gcc-4.9.3/lib64/gcc/x86_64-unknown-linux-gnu/4.9.3/../../../../include/c++/4.9.3/x86_64-unknown-linux-gnu] ==> [/usr/tce/packages/gcc/gcc-4.9.3/include/c++/4.9.3/x86_64-unknown-linux-gnu]
  collapse include dir [/usr/tce/packages/gcc/gcc-4.9.3/lib64/gcc/x86_64-unknown-linux-gnu/4.9.3/../../../../include/c++/4.9.3/backward] ==> [/usr/tce/packages/gcc/gcc-4.9.3/include/c++/4.9.3/backward]
  collapse include dir [/usr/local/include] ==> [/usr/local/include]
  collapse include dir [/usr/tce/packages/clang/clang-11.0.0/release/lib/clang/11.0.0/include] ==> [/usr/tce/packages/clang/clang-11.0.0/release/lib/clang/11.0.0/include]
  collapse include dir [/usr/include] ==> [/usr/include]
  implicit include dirs: [/usr/tce/packages/gcc/gcc-4.9.3/include/c++/4.9.3;/usr/tce/packages/gcc/gcc-4.9.3/include/c++/4.9.3/x86_64-unknown-linux-gnu;/usr/tce/packages/gcc/gcc-4.9.3/include/c++/4.9.3/backward;/usr/local/include;/usr/tce/packages/clang/clang-11.0.0/release/lib/clang/11.0.0/include;/usr/include]


Parsed CXX implicit link information from above output:
  link line regex: [^( *|.*[/\])(ld|CMAKE_LINK_STARTFILE-NOTFOUND|([^/\]+-)?ld|collect2)[^/\]*( |$)]
  ignore line: [Change Dir: /g/g92/varetto1/projects/rocm-scratch/build/CMakeFiles/CMakeTmp]
  ignore line: []
  ignore line: [Run Build Command(s):/usr/bin/gmake cmTC_e7c5f/fast ]
  ignore line: [/usr/bin/gmake -f CMakeFiles/cmTC_e7c5f.dir/build.make CMakeFiles/cmTC_e7c5f.dir/build]
  ignore line: [gmake[1]: Entering directory `/g/g92/varetto1/projects/rocm-scratch/build/CMakeFiles/CMakeTmp']
  ignore line: [Building CXX object CMakeFiles/cmTC_e7c5f.dir/CMakeCXXCompilerABI.cpp.o]
  ignore line: [/usr/tce/packages/clang/clang-11.0.0/bin/clang++    -v -o CMakeFiles/cmTC_e7c5f.dir/CMakeCXXCompilerABI.cpp.o -c /usr/tce/packages/cmake/cmake-3.14.5/share/cmake/Modules/CMakeCXXCompilerABI.cpp]
  ignore line: [clang version 11.0.0]
  ignore line: [Target: x86_64-unknown-linux-gnu]
  ignore line: [Thread model: posix]
  ignore line: [InstalledDir: /usr/tce/packages/clang/clang-11.0.0/release/bin]
  ignore line: [Found candidate GCC installation: /usr/tce/packages/gcc/gcc-4.9.3/lib64/gcc/x86_64-unknown-linux-gnu/4.9.3]
  ignore line: [Selected GCC installation: /usr/tce/packages/gcc/gcc-4.9.3/lib64/gcc/x86_64-unknown-linux-gnu/4.9.3]
  ignore line: [Candidate multilib: .]
  ignore line: [@m64]
  ignore line: [Selected multilib: .]
  ignore line: [@m64]
  ignore line: [Found HIP installation: /opt/rocm, version 3.10.20465-f9876b8d]
  ignore line: [ (in-process)]
  ignore line: [ "/usr/tce/packages/clang/clang-11.0.0/release/bin/clang-11" -cc1 -triple x86_64-unknown-linux-gnu -emit-obj -mrelax-all -disable-free -disable-llvm-verifier -discard-value-names -main-file-name CMakeCXXCompilerABI.cpp -mrelocation-model static -mframe-pointer=all -fmath-errno -fno-rounding-math -mconstructor-aliases -munwind-tables -target-cpu x86-64 -fno-split-dwarf-inlining -debugger-tuning=gdb -v -resource-dir /usr/tce/packages/clang/clang-11.0.0/release/lib/clang/11.0.0 -internal-isystem /usr/tce/packages/gcc/gcc-4.9.3/lib64/gcc/x86_64-unknown-linux-gnu/4.9.3/../../../../include/c++/4.9.3 -internal-isystem /usr/tce/packages/gcc/gcc-4.9.3/lib64/gcc/x86_64-unknown-linux-gnu/4.9.3/../../../../include/c++/4.9.3/x86_64-unknown-linux-gnu -internal-isystem /usr/tce/packages/gcc/gcc-4.9.3/lib64/gcc/x86_64-unknown-linux-gnu/4.9.3/../../../../include/c++/4.9.3/backward -internal-isystem /usr/local/include -internal-isystem /usr/tce/packages/clang/clang-11.0.0/release/lib/clang/11.0.0/include -internal-externc-isystem /include -internal-externc-isystem /usr/include -fdeprecated-macro -fdebug-compilation-dir /g/g92/varetto1/projects/rocm-scratch/build/CMakeFiles/CMakeTmp -ferror-limit 19 -fgnuc-version=4.2.1 -fcxx-exceptions -fexceptions -faddrsig -o CMakeFiles/cmTC_e7c5f.dir/CMakeCXXCompilerABI.cpp.o -x c++ /usr/tce/packages/cmake/cmake-3.14.5/share/cmake/Modules/CMakeCXXCompilerABI.cpp]
  ignore line: [clang -cc1 version 11.0.0 based upon LLVM 11.0.0 default target x86_64-unknown-linux-gnu]
  ignore line: [ignoring nonexistent directory "/include"]
  ignore line: [#include "..." search starts here:]
  ignore line: [#include <...> search starts here:]
  ignore line: [ /usr/tce/packages/gcc/gcc-4.9.3/lib64/gcc/x86_64-unknown-linux-gnu/4.9.3/../../../../include/c++/4.9.3]
  ignore line: [ /usr/tce/packages/gcc/gcc-4.9.3/lib64/gcc/x86_64-unknown-linux-gnu/4.9.3/../../../../include/c++/4.9.3/x86_64-unknown-linux-gnu]
  ignore line: [ /usr/tce/packages/gcc/gcc-4.9.3/lib64/gcc/x86_64-unknown-linux-gnu/4.9.3/../../../../include/c++/4.9.3/backward]
  ignore line: [ /usr/local/include]
  ignore line: [ /usr/tce/packages/clang/clang-11.0.0/release/lib/clang/11.0.0/include]
  ignore line: [ /usr/include]
  ignore line: [End of search list.]
  ignore line: [Linking CXX executable cmTC_e7c5f]
  ignore line: [/usr/tce/packages/cmake/cmake-3.14.5/bin/cmake -E cmake_link_script CMakeFiles/cmTC_e7c5f.dir/link.txt --verbose=1]
  ignore line: [/usr/tce/packages/clang/clang-11.0.0/bin/clang++      -v CMakeFiles/cmTC_e7c5f.dir/CMakeCXXCompilerABI.cpp.o  -o cmTC_e7c5f ]
  ignore line: [clang version 11.0.0]
  ignore line: [Target: x86_64-unknown-linux-gnu]
  ignore line: [Thread model: posix]
  ignore line: [InstalledDir: /usr/tce/packages/clang/clang-11.0.0/release/bin]
  ignore line: [Found candidate GCC installation: /usr/tce/packages/gcc/gcc-4.9.3/lib64/gcc/x86_64-unknown-linux-gnu/4.9.3]
  ignore line: [Selected GCC installation: /usr/tce/packages/gcc/gcc-4.9.3/lib64/gcc/x86_64-unknown-linux-gnu/4.9.3]
  ignore line: [Candidate multilib: .]
  ignore line: [@m64]
  ignore line: [Selected multilib: .]
  ignore line: [@m64]
  ignore line: [Found HIP installation: /opt/rocm, version 3.10.20465-f9876b8d]
  link line: [ "/usr/tce/bin/ld" --hash-style=gnu --eh-frame-hdr -m elf_x86_64 -dynamic-linker /lib64/ld-linux-x86-64.so.2 -o cmTC_e7c5f /lib/../lib64/crt1.o /lib/../lib64/crti.o /usr/tce/packages/gcc/gcc-4.9.3/lib64/gcc/x86_64-unknown-linux-gnu/4.9.3/crtbegin.o -L/usr/tce/packages/gcc/gcc-4.9.3/lib64/gcc/x86_64-unknown-linux-gnu/4.9.3 -L/usr/tce/packages/gcc/gcc-4.9.3/lib64/gcc/x86_64-unknown-linux-gnu/4.9.3/../../../../lib64 -L/lib/../lib64 -L/usr/lib/../lib64 -L/usr/tce/packages/gcc/gcc-4.9.3/lib64/gcc/x86_64-unknown-linux-gnu/4.9.3/../../.. -L/usr/tce/packages/clang/clang-11.0.0/release/bin/../lib -L/lib -L/usr/lib -L/usr/tce/packages/clang/clang-11.0.0/release/lib -L/usr/tce/packages/gcc/gcc-4.9.3/lib64 CMakeFiles/cmTC_e7c5f.dir/CMakeCXXCompilerABI.cpp.o -rpath /usr/tce/packages/clang/clang-11.0.0/release/lib:/usr/tce/packages/gcc/gcc-4.9.3/lib64 -lstdc++ -lm -lgcc_s -lgcc -lc -lgcc_s -lgcc /usr/tce/packages/gcc/gcc-4.9.3/lib64/gcc/x86_64-unknown-linux-gnu/4.9.3/crtend.o /lib/../lib64/crtn.o]
    arg [/usr/tce/bin/ld] ==> ignore
    arg [--hash-style=gnu] ==> ignore
    arg [--eh-frame-hdr] ==> ignore
    arg [-m] ==> ignore
    arg [elf_x86_64] ==> ignore
    arg [-dynamic-linker] ==> ignore
    arg [/lib64/ld-linux-x86-64.so.2] ==> ignore
    arg [-o] ==> ignore
    arg [cmTC_e7c5f] ==> ignore
    arg [/lib/../lib64/crt1.o] ==> ignore
    arg [/lib/../lib64/crti.o] ==> ignore
    arg [/usr/tce/packages/gcc/gcc-4.9.3/lib64/gcc/x86_64-unknown-linux-gnu/4.9.3/crtbegin.o] ==> ignore
    arg [-L/usr/tce/packages/gcc/gcc-4.9.3/lib64/gcc/x86_64-unknown-linux-gnu/4.9.3] ==> dir [/usr/tce/packages/gcc/gcc-4.9.3/lib64/gcc/x86_64-unknown-linux-gnu/4.9.3]
    arg [-L/usr/tce/packages/gcc/gcc-4.9.3/lib64/gcc/x86_64-unknown-linux-gnu/4.9.3/../../../../lib64] ==> dir [/usr/tce/packages/gcc/gcc-4.9.3/lib64/gcc/x86_64-unknown-linux-gnu/4.9.3/../../../../lib64]
    arg [-L/lib/../lib64] ==> dir [/lib/../lib64]
    arg [-L/usr/lib/../lib64] ==> dir [/usr/lib/../lib64]
    arg [-L/usr/tce/packages/gcc/gcc-4.9.3/lib64/gcc/x86_64-unknown-linux-gnu/4.9.3/../../..] ==> dir [/usr/tce/packages/gcc/gcc-4.9.3/lib64/gcc/x86_64-unknown-linux-gnu/4.9.3/../../..]
    arg [-L/usr/tce/packages/clang/clang-11.0.0/release/bin/../lib] ==> dir [/usr/tce/packages/clang/clang-11.0.0/release/bin/../lib]
    arg [-L/lib] ==> dir [/lib]
    arg [-L/usr/lib] ==> dir [/usr/lib]
    arg [-L/usr/tce/packages/clang/clang-11.0.0/release/lib] ==> dir [/usr/tce/packages/clang/clang-11.0.0/release/lib]
    arg [-L/usr/tce/packages/gcc/gcc-4.9.3/lib64] ==> dir [/usr/tce/packages/gcc/gcc-4.9.3/lib64]
    arg [CMakeFiles/cmTC_e7c5f.dir/CMakeCXXCompilerABI.cpp.o] ==> ignore
    arg [-rpath] ==> ignore
    arg [/usr/tce/packages/clang/clang-11.0.0/release/lib:/usr/tce/packages/gcc/gcc-4.9.3/lib64] ==> ignore
    arg [-lstdc++] ==> lib [stdc++]
    arg [-lm] ==> lib [m]
    arg [-lgcc_s] ==> lib [gcc_s]
    arg [-lgcc] ==> lib [gcc]
    arg [-lc] ==> lib [c]
    arg [-lgcc_s] ==> lib [gcc_s]
    arg [-lgcc] ==> lib [gcc]
    arg [/usr/tce/packages/gcc/gcc-4.9.3/lib64/gcc/x86_64-unknown-linux-gnu/4.9.3/crtend.o] ==> ignore
    arg [/lib/../lib64/crtn.o] ==> ignore
  collapse library dir [/usr/tce/packages/gcc/gcc-4.9.3/lib64/gcc/x86_64-unknown-linux-gnu/4.9.3] ==> [/usr/tce/packages/gcc/gcc-4.9.3/lib64/gcc/x86_64-unknown-linux-gnu/4.9.3]
  collapse library dir [/usr/tce/packages/gcc/gcc-4.9.3/lib64/gcc/x86_64-unknown-linux-gnu/4.9.3/../../../../lib64] ==> [/usr/tce/packages/gcc/gcc-4.9.3/lib64]
  collapse library dir [/lib/../lib64] ==> [/lib64]
  collapse library dir [/usr/lib/../lib64] ==> [/usr/lib64]
  collapse library dir [/usr/tce/packages/gcc/gcc-4.9.3/lib64/gcc/x86_64-unknown-linux-gnu/4.9.3/../../..] ==> [/usr/tce/packages/gcc/gcc-4.9.3/lib64]
  collapse library dir [/usr/tce/packages/clang/clang-11.0.0/release/bin/../lib] ==> [/usr/tce/packages/clang/clang-11.0.0/release/lib]
  collapse library dir [/lib] ==> [/lib]
  collapse library dir [/usr/lib] ==> [/usr/lib]
  collapse library dir [/usr/tce/packages/clang/clang-11.0.0/release/lib] ==> [/usr/tce/packages/clang/clang-11.0.0/release/lib]
  collapse library dir [/usr/tce/packages/gcc/gcc-4.9.3/lib64] ==> [/usr/tce/packages/gcc/gcc-4.9.3/lib64]
  implicit libs: [stdc++;m;gcc_s;gcc;c;gcc_s;gcc]
  implicit dirs: [/usr/tce/packages/gcc/gcc-4.9.3/lib64/gcc/x86_64-unknown-linux-gnu/4.9.3;/usr/tce/packages/gcc/gcc-4.9.3/lib64;/lib64;/usr/lib64;/usr/tce/packages/clang/clang-11.0.0/release/lib;/lib;/usr/lib]
  implicit fwks: []




Detecting CXX [-std=c++2a] compiler features compiled with the following output:
Change Dir: /g/g92/varetto1/projects/rocm-scratch/build/CMakeFiles/CMakeTmp

Run Build Command(s):/usr/bin/gmake cmTC_1601f/fast 
/usr/bin/gmake -f CMakeFiles/cmTC_1601f.dir/build.make CMakeFiles/cmTC_1601f.dir/build
gmake[1]: Entering directory `/g/g92/varetto1/projects/rocm-scratch/build/CMakeFiles/CMakeTmp'
Building CXX object CMakeFiles/cmTC_1601f.dir/feature_tests.cxx.o
/usr/tce/packages/clang/clang-11.0.0/bin/clang++    -std=c++2a -o CMakeFiles/cmTC_1601f.dir/feature_tests.cxx.o -c /g/g92/varetto1/projects/rocm-scratch/build/CMakeFiles/feature_tests.cxx
Linking CXX executable cmTC_1601f
/usr/tce/packages/cmake/cmake-3.14.5/bin/cmake -E cmake_link_script CMakeFiles/cmTC_1601f.dir/link.txt --verbose=1
/usr/tce/packages/clang/clang-11.0.0/bin/clang++       CMakeFiles/cmTC_1601f.dir/feature_tests.cxx.o  -o cmTC_1601f 
gmake[1]: Leaving directory `/g/g92/varetto1/projects/rocm-scratch/build/CMakeFiles/CMakeTmp'


    Feature record: CXX_FEATURE:1cxx_aggregate_default_initializers
    Feature record: CXX_FEATURE:1cxx_alias_templates
    Feature record: CXX_FEATURE:1cxx_alignas
    Feature record: CXX_FEATURE:1cxx_alignof
    Feature record: CXX_FEATURE:1cxx_attributes
    Feature record: CXX_FEATURE:1cxx_attribute_deprecated
    Feature record: CXX_FEATURE:1cxx_auto_type
    Feature record: CXX_FEATURE:1cxx_binary_literals
    Feature record: CXX_FEATURE:1cxx_constexpr
    Feature record: CXX_FEATURE:1cxx_contextual_conversions
    Feature record: CXX_FEATURE:1cxx_decltype
    Feature record: CXX_FEATURE:1cxx_decltype_auto
    Feature record: CXX_FEATURE:1cxx_decltype_incomplete_return_types
    Feature record: CXX_FEATURE:1cxx_default_function_template_args
    Feature record: CXX_FEATURE:1cxx_defaulted_functions
    Feature record: CXX_FEATURE:1cxx_defaulted_move_initializers
    Feature record: CXX_FEATURE:1cxx_delegating_constructors
    Feature record: CXX_FEATURE:1cxx_deleted_functions
    Feature record: CXX_FEATURE:1cxx_digit_separators
    Feature record: CXX_FEATURE:1cxx_enum_forward_declarations
    Feature record: CXX_FEATURE:1cxx_explicit_conversions
    Feature record: CXX_FEATURE:1cxx_extended_friend_declarations
    Feature record: CXX_FEATURE:1cxx_extern_templates
    Feature record: CXX_FEATURE:1cxx_final
    Feature record: CXX_FEATURE:1cxx_func_identifier
    Feature record: CXX_FEATURE:1cxx_generalized_initializers
    Feature record: CXX_FEATURE:1cxx_generic_lambdas
    Feature record: CXX_FEATURE:1cxx_inheriting_constructors
    Feature record: CXX_FEATURE:1cxx_inline_namespaces
    Feature record: CXX_FEATURE:1cxx_lambdas
    Feature record: CXX_FEATURE:1cxx_lambda_init_captures
    Feature record: CXX_FEATURE:1cxx_local_type_template_args
    Feature record: CXX_FEATURE:1cxx_long_long_type
    Feature record: CXX_FEATURE:1cxx_noexcept
    Feature record: CXX_FEATURE:1cxx_nonstatic_member_init
    Feature record: CXX_FEATURE:1cxx_nullptr
    Feature record: CXX_FEATURE:1cxx_override
    Feature record: CXX_FEATURE:1cxx_range_for
    Feature record: CXX_FEATURE:1cxx_raw_string_literals
    Feature record: CXX_FEATURE:1cxx_reference_qualified_functions
    Feature record: CXX_FEATURE:1cxx_relaxed_constexpr
    Feature record: CXX_FEATURE:1cxx_return_type_deduction
    Feature record: CXX_FEATURE:1cxx_right_angle_brackets
    Feature record: CXX_FEATURE:1cxx_rvalue_references
    Feature record: CXX_FEATURE:1cxx_sizeof_member
    Feature record: CXX_FEATURE:1cxx_static_assert
    Feature record: CXX_FEATURE:1cxx_strong_enums
    Feature record: CXX_FEATURE:1cxx_template_template_parameters
    Feature record: CXX_FEATURE:1cxx_thread_local
    Feature record: CXX_FEATURE:1cxx_trailing_return_types
    Feature record: CXX_FEATURE:1cxx_unicode_literals
    Feature record: CXX_FEATURE:1cxx_uniform_initialization
    Feature record: CXX_FEATURE:1cxx_unrestricted_unions
    Feature record: CXX_FEATURE:1cxx_user_literals
    Feature record: CXX_FEATURE:1cxx_variable_templates
    Feature record: CXX_FEATURE:1cxx_variadic_macros
    Feature record: CXX_FEATURE:1cxx_variadic_templates


Detecting CXX [-std=c++17] compiler features compiled with the following output:
Change Dir: /g/g92/varetto1/projects/rocm-scratch/build/CMakeFiles/CMakeTmp

Run Build Command(s):/usr/bin/gmake cmTC_bf067/fast 
/usr/bin/gmake -f CMakeFiles/cmTC_bf067.dir/build.make CMakeFiles/cmTC_bf067.dir/build
gmake[1]: Entering directory `/g/g92/varetto1/projects/rocm-scratch/build/CMakeFiles/CMakeTmp'
Building CXX object CMakeFiles/cmTC_bf067.dir/feature_tests.cxx.o
/usr/tce/packages/clang/clang-11.0.0/bin/clang++    -std=c++17 -o CMakeFiles/cmTC_bf067.dir/feature_tests.cxx.o -c /g/g92/varetto1/projects/rocm-scratch/build/CMakeFiles/feature_tests.cxx
Linking CXX executable cmTC_bf067
/usr/tce/packages/cmake/cmake-3.14.5/bin/cmake -E cmake_link_script CMakeFiles/cmTC_bf067.dir/link.txt --verbose=1
/usr/tce/packages/clang/clang-11.0.0/bin/clang++       CMakeFiles/cmTC_bf067.dir/feature_tests.cxx.o  -o cmTC_bf067 
gmake[1]: Leaving directory `/g/g92/varetto1/projects/rocm-scratch/build/CMakeFiles/CMakeTmp'


    Feature record: CXX_FEATURE:1cxx_aggregate_default_initializers
    Feature record: CXX_FEATURE:1cxx_alias_templates
    Feature record: CXX_FEATURE:1cxx_alignas
    Feature record: CXX_FEATURE:1cxx_alignof
    Feature record: CXX_FEATURE:1cxx_attributes
    Feature record: CXX_FEATURE:1cxx_attribute_deprecated
    Feature record: CXX_FEATURE:1cxx_auto_type
    Feature record: CXX_FEATURE:1cxx_binary_literals
    Feature record: CXX_FEATURE:1cxx_constexpr
    Feature record: CXX_FEATURE:1cxx_contextual_conversions
    Feature record: CXX_FEATURE:1cxx_decltype
    Feature record: CXX_FEATURE:1cxx_decltype_auto
    Feature record: CXX_FEATURE:1cxx_decltype_incomplete_return_types
    Feature record: CXX_FEATURE:1cxx_default_function_template_args
    Feature record: CXX_FEATURE:1cxx_defaulted_functions
    Feature record: CXX_FEATURE:1cxx_defaulted_move_initializers
    Feature record: CXX_FEATURE:1cxx_delegating_constructors
    Feature record: CXX_FEATURE:1cxx_deleted_functions
    Feature record: CXX_FEATURE:1cxx_digit_separators
    Feature record: CXX_FEATURE:1cxx_enum_forward_declarations
    Feature record: CXX_FEATURE:1cxx_explicit_conversions
    Feature record: CXX_FEATURE:1cxx_extended_friend_declarations
    Feature record: CXX_FEATURE:1cxx_extern_templates
    Feature record: CXX_FEATURE:1cxx_final
    Feature record: CXX_FEATURE:1cxx_func_identifier
    Feature record: CXX_FEATURE:1cxx_generalized_initializers
    Feature record: CXX_FEATURE:1cxx_generic_lambdas
    Feature record: CXX_FEATURE:1cxx_inheriting_constructors
    Feature record: CXX_FEATURE:1cxx_inline_namespaces
    Feature record: CXX_FEATURE:1cxx_lambdas
    Feature record: CXX_FEATURE:1cxx_lambda_init_captures
    Feature record: CXX_FEATURE:1cxx_local_type_template_args
    Feature record: CXX_FEATURE:1cxx_long_long_type
    Feature record: CXX_FEATURE:1cxx_noexcept
    Feature record: CXX_FEATURE:1cxx_nonstatic_member_init
    Feature record: CXX_FEATURE:1cxx_nullptr
    Feature record: CXX_FEATURE:1cxx_override
    Feature record: CXX_FEATURE:1cxx_range_for
    Feature record: CXX_FEATURE:1cxx_raw_string_literals
    Feature record: CXX_FEATURE:1cxx_reference_qualified_functions
    Feature record: CXX_FEATURE:1cxx_relaxed_constexpr
    Feature record: CXX_FEATURE:1cxx_return_type_deduction
    Feature record: CXX_FEATURE:1cxx_right_angle_brackets
    Feature record: CXX_FEATURE:1cxx_rvalue_references
    Feature record: CXX_FEATURE:1cxx_sizeof_member
    Feature record: CXX_FEATURE:1cxx_static_assert
    Feature record: CXX_FEATURE:1cxx_strong_enums
    Feature record: CXX_FEATURE:1cxx_template_template_parameters
    Feature record: CXX_FEATURE:1cxx_thread_local
    Feature record: CXX_FEATURE:1cxx_trailing_return_types
    Feature record: CXX_FEATURE:1cxx_unicode_literals
    Feature record: CXX_FEATURE:1cxx_uniform_initialization
    Feature record: CXX_FEATURE:1cxx_unrestricted_unions
    Feature record: CXX_FEATURE:1cxx_user_literals
    Feature record: CXX_FEATURE:1cxx_variable_templates
    Feature record: CXX_FEATURE:1cxx_variadic_macros
    Feature record: CXX_FEATURE:1cxx_variadic_templates


Detecting CXX [-std=c++14] compiler features compiled with the following output:
Change Dir: /g/g92/varetto1/projects/rocm-scratch/build/CMakeFiles/CMakeTmp

Run Build Command(s):/usr/bin/gmake cmTC_2bc1b/fast 
/usr/bin/gmake -f CMakeFiles/cmTC_2bc1b.dir/build.make CMakeFiles/cmTC_2bc1b.dir/build
gmake[1]: Entering directory `/g/g92/varetto1/projects/rocm-scratch/build/CMakeFiles/CMakeTmp'
Building CXX object CMakeFiles/cmTC_2bc1b.dir/feature_tests.cxx.o
/usr/tce/packages/clang/clang-11.0.0/bin/clang++    -std=c++14 -o CMakeFiles/cmTC_2bc1b.dir/feature_tests.cxx.o -c /g/g92/varetto1/projects/rocm-scratch/build/CMakeFiles/feature_tests.cxx
Linking CXX executable cmTC_2bc1b
/usr/tce/packages/cmake/cmake-3.14.5/bin/cmake -E cmake_link_script CMakeFiles/cmTC_2bc1b.dir/link.txt --verbose=1
/usr/tce/packages/clang/clang-11.0.0/bin/clang++       CMakeFiles/cmTC_2bc1b.dir/feature_tests.cxx.o  -o cmTC_2bc1b 
gmake[1]: Leaving directory `/g/g92/varetto1/projects/rocm-scratch/build/CMakeFiles/CMakeTmp'


    Feature record: CXX_FEATURE:1cxx_aggregate_default_initializers
    Feature record: CXX_FEATURE:1cxx_alias_templates
    Feature record: CXX_FEATURE:1cxx_alignas
    Feature record: CXX_FEATURE:1cxx_alignof
    Feature record: CXX_FEATURE:1cxx_attributes
    Feature record: CXX_FEATURE:1cxx_attribute_deprecated
    Feature record: CXX_FEATURE:1cxx_auto_type
    Feature record: CXX_FEATURE:1cxx_binary_literals
    Feature record: CXX_FEATURE:1cxx_constexpr
    Feature record: CXX_FEATURE:1cxx_contextual_conversions
    Feature record: CXX_FEATURE:1cxx_decltype
    Feature record: CXX_FEATURE:1cxx_decltype_auto
    Feature record: CXX_FEATURE:1cxx_decltype_incomplete_return_types
    Feature record: CXX_FEATURE:1cxx_default_function_template_args
    Feature record: CXX_FEATURE:1cxx_defaulted_functions
    Feature record: CXX_FEATURE:1cxx_defaulted_move_initializers
    Feature record: CXX_FEATURE:1cxx_delegating_constructors
    Feature record: CXX_FEATURE:1cxx_deleted_functions
    Feature record: CXX_FEATURE:1cxx_digit_separators
    Feature record: CXX_FEATURE:1cxx_enum_forward_declarations
    Feature record: CXX_FEATURE:1cxx_explicit_conversions
    Feature record: CXX_FEATURE:1cxx_extended_friend_declarations
    Feature record: CXX_FEATURE:1cxx_extern_templates
    Feature record: CXX_FEATURE:1cxx_final
    Feature record: CXX_FEATURE:1cxx_func_identifier
    Feature record: CXX_FEATURE:1cxx_generalized_initializers
    Feature record: CXX_FEATURE:1cxx_generic_lambdas
    Feature record: CXX_FEATURE:1cxx_inheriting_constructors
    Feature record: CXX_FEATURE:1cxx_inline_namespaces
    Feature record: CXX_FEATURE:1cxx_lambdas
    Feature record: CXX_FEATURE:1cxx_lambda_init_captures
    Feature record: CXX_FEATURE:1cxx_local_type_template_args
    Feature record: CXX_FEATURE:1cxx_long_long_type
    Feature record: CXX_FEATURE:1cxx_noexcept
    Feature record: CXX_FEATURE:1cxx_nonstatic_member_init
    Feature record: CXX_FEATURE:1cxx_nullptr
    Feature record: CXX_FEATURE:1cxx_override
    Feature record: CXX_FEATURE:1cxx_range_for
    Feature record: CXX_FEATURE:1cxx_raw_string_literals
    Feature record: CXX_FEATURE:1cxx_reference_qualified_functions
    Feature record: CXX_FEATURE:1cxx_relaxed_constexpr
    Feature record: CXX_FEATURE:1cxx_return_type_deduction
    Feature record: CXX_FEATURE:1cxx_right_angle_brackets
    Feature record: CXX_FEATURE:1cxx_rvalue_references
    Feature record: CXX_FEATURE:1cxx_sizeof_member
    Feature record: CXX_FEATURE:1cxx_static_assert
    Feature record: CXX_FEATURE:1cxx_strong_enums
    Feature record: CXX_FEATURE:1cxx_template_template_parameters
    Feature record: CXX_FEATURE:1cxx_thread_local
    Feature record: CXX_FEATURE:1cxx_trailing_return_types
    Feature record: CXX_FEATURE:1cxx_unicode_literals
    Feature record: CXX_FEATURE:1cxx_uniform_initialization
    Feature record: CXX_FEATURE:1cxx_unrestricted_unions
    Feature record: CXX_FEATURE:1cxx_user_literals
    Feature record: CXX_FEATURE:1cxx_variable_templates
    Feature record: CXX_FEATURE:1cxx_variadic_macros
    Feature record: CXX_FEATURE:1cxx_variadic_templates


Detecting CXX [-std=c++11] compiler features compiled with the following output:
Change Dir: /g/g92/varetto1/projects/rocm-scratch/build/CMakeFiles/CMakeTmp

Run Build Command(s):/usr/bin/gmake cmTC_7f891/fast 
/usr/bin/gmake -f CMakeFiles/cmTC_7f891.dir/build.make CMakeFiles/cmTC_7f891.dir/build
gmake[1]: Entering directory `/g/g92/varetto1/projects/rocm-scratch/build/CMakeFiles/CMakeTmp'
Building CXX object CMakeFiles/cmTC_7f891.dir/feature_tests.cxx.o
/usr/tce/packages/clang/clang-11.0.0/bin/clang++    -std=c++11 -o CMakeFiles/cmTC_7f891.dir/feature_tests.cxx.o -c /g/g92/varetto1/projects/rocm-scratch/build/CMakeFiles/feature_tests.cxx
Linking CXX executable cmTC_7f891
/usr/tce/packages/cmake/cmake-3.14.5/bin/cmake -E cmake_link_script CMakeFiles/cmTC_7f891.dir/link.txt --verbose=1
/usr/tce/packages/clang/clang-11.0.0/bin/clang++       CMakeFiles/cmTC_7f891.dir/feature_tests.cxx.o  -o cmTC_7f891 
gmake[1]: Leaving directory `/g/g92/varetto1/projects/rocm-scratch/build/CMakeFiles/CMakeTmp'


    Feature record: CXX_FEATURE:0cxx_aggregate_default_initializers
    Feature record: CXX_FEATURE:1cxx_alias_templates
    Feature record: CXX_FEATURE:1cxx_alignas
    Feature record: CXX_FEATURE:1cxx_alignof
    Feature record: CXX_FEATURE:1cxx_attributes
    Feature record: CXX_FEATURE:0cxx_attribute_deprecated
    Feature record: CXX_FEATURE:1cxx_auto_type
    Feature record: CXX_FEATURE:0cxx_binary_literals
    Feature record: CXX_FEATURE:1cxx_constexpr
    Feature record: CXX_FEATURE:0cxx_contextual_conversions
    Feature record: CXX_FEATURE:1cxx_decltype
    Feature record: CXX_FEATURE:0cxx_decltype_auto
    Feature record: CXX_FEATURE:1cxx_decltype_incomplete_return_types
    Feature record: CXX_FEATURE:1cxx_default_function_template_args
    Feature record: CXX_FEATURE:1cxx_defaulted_functions
    Feature record: CXX_FEATURE:1cxx_defaulted_move_initializers
    Feature record: CXX_FEATURE:1cxx_delegating_constructors
    Feature record: CXX_FEATURE:1cxx_deleted_functions
    Feature record: CXX_FEATURE:0cxx_digit_separators
    Feature record: CXX_FEATURE:1cxx_enum_forward_declarations
    Feature record: CXX_FEATURE:1cxx_explicit_conversions
    Feature record: CXX_FEATURE:1cxx_extended_friend_declarations
    Feature record: CXX_FEATURE:1cxx_extern_templates
    Feature record: CXX_FEATURE:1cxx_final
    Feature record: CXX_FEATURE:1cxx_func_identifier
    Feature record: CXX_FEATURE:1cxx_generalized_initializers
    Feature record: CXX_FEATURE:0cxx_generic_lambdas
    Feature record: CXX_FEATURE:1cxx_inheriting_constructors
    Feature record: CXX_FEATURE:1cxx_inline_namespaces
    Feature record: CXX_FEATURE:1cxx_lambdas
    Feature record: CXX_FEATURE:0cxx_lambda_init_captures
    Feature record: CXX_FEATURE:1cxx_local_type_template_args
    Feature record: CXX_FEATURE:1cxx_long_long_type
    Feature record: CXX_FEATURE:1cxx_noexcept
    Feature record: CXX_FEATURE:1cxx_nonstatic_member_init
    Feature record: CXX_FEATURE:1cxx_nullptr
    Feature record: CXX_FEATURE:1cxx_override
    Feature record: CXX_FEATURE:1cxx_range_for
    Feature record: CXX_FEATURE:1cxx_raw_string_literals
    Feature record: CXX_FEATURE:1cxx_reference_qualified_functions
    Feature record: CXX_FEATURE:0cxx_relaxed_constexpr
    Feature record: CXX_FEATURE:0cxx_return_type_deduction
    Feature record: CXX_FEATURE:1cxx_right_angle_brackets
    Feature record: CXX_FEATURE:1cxx_rvalue_references
    Feature record: CXX_FEATURE:1cxx_sizeof_member
    Feature record: CXX_FEATURE:1cxx_static_assert
    Feature record: CXX_FEATURE:1cxx_strong_enums
    Feature record: CXX_FEATURE:1cxx_template_template_parameters
    Feature record: CXX_FEATURE:1cxx_thread_local
    Feature record: CXX_FEATURE:1cxx_trailing_return_types
    Feature record: CXX_FEATURE:1cxx_unicode_literals
    Feature record: CXX_FEATURE:1cxx_uniform_initialization
    Feature record: CXX_FEATURE:1cxx_unrestricted_unions
    Feature record: CXX_FEATURE:1cxx_user_literals
    Feature record: CXX_FEATURE:0cxx_variable_templates
    Feature record: CXX_FEATURE:1cxx_variadic_macros
    Feature record: CXX_FEATURE:1cxx_variadic_templates


Detecting CXX [-std=c++98] compiler features compiled with the following output:
Change Dir: /g/g92/varetto1/projects/rocm-scratch/build/CMakeFiles/CMakeTmp

Run Build Command(s):/usr/bin/gmake cmTC_19353/fast 
/usr/bin/gmake -f CMakeFiles/cmTC_19353.dir/build.make CMakeFiles/cmTC_19353.dir/build
gmake[1]: Entering directory `/g/g92/varetto1/projects/rocm-scratch/build/CMakeFiles/CMakeTmp'
Building CXX object CMakeFiles/cmTC_19353.dir/feature_tests.cxx.o
/usr/tce/packages/clang/clang-11.0.0/bin/clang++    -std=c++98 -o CMakeFiles/cmTC_19353.dir/feature_tests.cxx.o -c /g/g92/varetto1/projects/rocm-scratch/build/CMakeFiles/feature_tests.cxx
Linking CXX executable cmTC_19353
/usr/tce/packages/cmake/cmake-3.14.5/bin/cmake -E cmake_link_script CMakeFiles/cmTC_19353.dir/link.txt --verbose=1
/usr/tce/packages/clang/clang-11.0.0/bin/clang++       CMakeFiles/cmTC_19353.dir/feature_tests.cxx.o  -o cmTC_19353 
gmake[1]: Leaving directory `/g/g92/varetto1/projects/rocm-scratch/build/CMakeFiles/CMakeTmp'


    Feature record: CXX_FEATURE:0cxx_aggregate_default_initializers
    Feature record: CXX_FEATURE:0cxx_alias_templates
    Feature record: CXX_FEATURE:0cxx_alignas
    Feature record: CXX_FEATURE:0cxx_alignof
    Feature record: CXX_FEATURE:0cxx_attributes
    Feature record: CXX_FEATURE:0cxx_attribute_deprecated
    Feature record: CXX_FEATURE:0cxx_auto_type
    Feature record: CXX_FEATURE:0cxx_binary_literals
    Feature record: CXX_FEATURE:0cxx_constexpr
    Feature record: CXX_FEATURE:0cxx_contextual_conversions
    Feature record: CXX_FEATURE:0cxx_decltype
    Feature record: CXX_FEATURE:0cxx_decltype_auto
    Feature record: CXX_FEATURE:0cxx_decltype_incomplete_return_types
    Feature record: CXX_FEATURE:0cxx_default_function_template_args
    Feature record: CXX_FEATURE:0cxx_defaulted_functions
    Feature record: CXX_FEATURE:0cxx_defaulted_move_initializers
    Feature record: CXX_FEATURE:0cxx_delegating_constructors
    Feature record: CXX_FEATURE:0cxx_deleted_functions
    Feature record: CXX_FEATURE:0cxx_digit_separators
    Feature record: CXX_FEATURE:0cxx_enum_forward_declarations
    Feature record: CXX_FEATURE:0cxx_explicit_conversions
    Feature record: CXX_FEATURE:0cxx_extended_friend_declarations
    Feature record: CXX_FEATURE:0cxx_extern_templates
    Feature record: CXX_FEATURE:0cxx_final
    Feature record: CXX_FEATURE:0cxx_func_identifier
    Feature record: CXX_FEATURE:0cxx_generalized_initializers
    Feature record: CXX_FEATURE:0cxx_generic_lambdas
    Feature record: CXX_FEATURE:0cxx_inheriting_constructors
    Feature record: CXX_FEATURE:0cxx_inline_namespaces
    Feature record: CXX_FEATURE:0cxx_lambdas
    Feature record: CXX_FEATURE:0cxx_lambda_init_captures
    Feature record: CXX_FEATURE:0cxx_local_type_template_args
    Feature record: CXX_FEATURE:0cxx_long_long_type
    Feature record: CXX_FEATURE:0cxx_noexcept
    Feature record: CXX_FEATURE:0cxx_nonstatic_member_init
    Feature record: CXX_FEATURE:0cxx_nullptr
    Feature record: CXX_FEATURE:0cxx_override
    Feature record: CXX_FEATURE:0cxx_range_for
    Feature record: CXX_FEATURE:0cxx_raw_string_literals
    Feature record: CXX_FEATURE:0cxx_reference_qualified_functions
    Feature record: CXX_FEATURE:0cxx_relaxed_constexpr
    Feature record: CXX_FEATURE:0cxx_return_type_deduction
    Feature record: CXX_FEATURE:0cxx_right_angle_brackets
    Feature record: CXX_FEATURE:0cxx_rvalue_references
    Feature record: CXX_FEATURE:0cxx_sizeof_member
    Feature record: CXX_FEATURE:0cxx_static_assert
    Feature record: CXX_FEATURE:0cxx_strong_enums
    Feature record: CXX_FEATURE:1cxx_template_template_parameters
    Feature record: CXX_FEATURE:0cxx_thread_local
    Feature record: CXX_FEATURE:0cxx_trailing_return_types
    Feature record: CXX_FEATURE:0cxx_unicode_literals
    Feature record: CXX_FEATURE:0cxx_uniform_initialization
    Feature record: CXX_FEATURE:0cxx_unrestricted_unions
    Feature record: CXX_FEATURE:0cxx_user_literals
    Feature record: CXX_FEATURE:0cxx_variable_templates
    Feature record: CXX_FEATURE:0cxx_variadic_macros
    Feature record: CXX_FEATURE:0cxx_variadic_templates
Determining if the include file pthread.h exists passed with the following output:
Change Dir: /g/g92/varetto1/projects/rocm-scratch/build/CMakeFiles/CMakeTmp

Run Build Command(s):/usr/bin/gmake cmTC_4b32c/fast 
/usr/bin/gmake -f CMakeFiles/cmTC_4b32c.dir/build.make CMakeFiles/cmTC_4b32c.dir/build
gmake[1]: Entering directory `/g/g92/varetto1/projects/rocm-scratch/build/CMakeFiles/CMakeTmp'
Building C object CMakeFiles/cmTC_4b32c.dir/CheckIncludeFile.c.o
/usr/tce/packages/clang/clang-11.0.0/bin/clang    -o CMakeFiles/cmTC_4b32c.dir/CheckIncludeFile.c.o   -c /g/g92/varetto1/projects/rocm-scratch/build/CMakeFiles/CMakeTmp/CheckIncludeFile.c
Linking C executable cmTC_4b32c
/usr/tce/packages/cmake/cmake-3.14.5/bin/cmake -E cmake_link_script CMakeFiles/cmTC_4b32c.dir/link.txt --verbose=1
/usr/tce/packages/clang/clang-11.0.0/bin/clang      CMakeFiles/cmTC_4b32c.dir/CheckIncludeFile.c.o  -o cmTC_4b32c 
gmake[1]: Leaving directory `/g/g92/varetto1/projects/rocm-scratch/build/CMakeFiles/CMakeTmp'


Determining if the function pthread_create exists in the pthread passed with the following output:
Change Dir: /g/g92/varetto1/projects/rocm-scratch/build/CMakeFiles/CMakeTmp

Run Build Command(s):/usr/bin/gmake cmTC_8914d/fast 
/usr/bin/gmake -f CMakeFiles/cmTC_8914d.dir/build.make CMakeFiles/cmTC_8914d.dir/build
gmake[1]: Entering directory `/g/g92/varetto1/projects/rocm-scratch/build/CMakeFiles/CMakeTmp'
Building C object CMakeFiles/cmTC_8914d.dir/CheckFunctionExists.c.o
/usr/tce/packages/clang/clang-11.0.0/bin/clang   -DCHECK_FUNCTION_EXISTS=pthread_create   -o CMakeFiles/cmTC_8914d.dir/CheckFunctionExists.c.o   -c /usr/tce/packages/cmake/cmake-3.14.5/share/cmake/Modules/CheckFunctionExists.c
Linking C executable cmTC_8914d
/usr/tce/packages/cmake/cmake-3.14.5/bin/cmake -E cmake_link_script CMakeFiles/cmTC_8914d.dir/link.txt --verbose=1
/usr/tce/packages/clang/clang-11.0.0/bin/clang  -DCHECK_FUNCTION_EXISTS=pthread_create    CMakeFiles/cmTC_8914d.dir/CheckFunctionExists.c.o  -o cmTC_8914d -lpthread 
gmake[1]: Leaving directory `/g/g92/varetto1/projects/rocm-scratch/build/CMakeFiles/CMakeTmp'


